<?xml version="1.0" encoding="UTF-8"?>
<!-- Generated by org.testng.reporters.JUnitXMLReporter -->
<testsuite ignored="0" hostname="Red_Cloud2000" failures="2" tests="27" name="Command line test" time="27.933" errors="0" timestamp="2024-10-13T18:46:04 EEST">
  <testcase classname="features.f1_auth.LoginTest" name="testValidLogin" time="0.406"/>
  <testcase classname="features.f1_auth.LoginTest" name="testInvalidLogin" time="0.361"/>
  <testcase classname="features.f1_auth.LoginTest" name="testEmptyUsername" time="0.32"/>
  <testcase classname="features.f1_auth.LoginTest" name="testEmptyPassword" time="0.303"/>
  <testcase classname="features.f1_auth.LoginTest" name="testLockedOutUser" time="0.382"/>
  <testcase classname="features.f1_auth.LoginTest" name="sqlInjectionOnLogin" time="0.312"/>
  <testcase classname="features.f1_auth.LoginTest" name="caseSensitivityOnUsernamePassword" time="0.409"/>
  <testcase classname="features.f1_auth.LoginTest" name="passwordFieldMasking" time="0.179"/>
  <testcase classname="features.f2_product_management.Products" name="viewProducts" time="0.43"/>
  <testcase classname="features.f2_product_management.Products" name="verifyProductDescription" time="0.546"/>
  <testcase classname="features.f2_product_management.Products" name="correctImageDisplayForProducts" time="0.545"/>
  <testcase classname="features.f2_product_management.Products" name="addSingleItemToCart" time="0.556"/>
  <testcase classname="features.f2_product_management.Products" name="addMultipleItemsToCart" time="0.491"/>
  <testcase classname="features.f2_product_management.Products" name="productSortingLowToHigh" time="0.82"/>
  <testcase classname="features.f2_product_management.Products" name="productSortingHighToLow" time="0.956"/>
  <testcase classname="features.f2_product_management.Products" name="productSortingAToZ" time="0.57"/>
  <testcase classname="features.f2_product_management.Products" name="productSortingZToA" time="0.568"/>
  <testcase classname="features.f3_shopping_cart.Cart" name="viewCartAfterAddingItems" time="1.16"/>
  <testcase classname="features.f3_shopping_cart.Cart" name="removeItemsFromCart" time="0.604"/>
  <testcase classname="features.f3_shopping_cart.Cart" name="removeAllItemsFromCart" time="0.661"/>
  <testcase classname="features.f3_shopping_cart.Cart" name="checkOutwithEmptyCart" time="0.558">
    <failure type="java.lang.AssertionError" message="TestCase ID:021 - Checkout with Empty Cart expected [Some Incorrect Title] but found [Checkout: Your Information]">
        <![CDATA[java.lang.AssertionError: TestCase ID:021 - Checkout with Empty Cart expected [Some Incorrect Title] but found [Checkout: Your Information]
at features.f3_shopping_cart.Cart.checkOutwithEmptyCart(Cart.java:63)
at java.base/java.util.ArrayList.forEach(ArrayList.java:1597)
at features.MainTest.runAllTests(MainTest.java:25)
at java.base/java.util.ArrayList.forEach(ArrayList.java:1597)
at com.intellij.rt.testng.IDEARemoteTestNG.run(IDEARemoteTestNG.java:65)
at com.intellij.rt.testng.RemoteTestNGStarter.main(RemoteTestNGStarter.java:105)
... Removed 49 stack frames]]>
    </failure>
  </testcase> <!-- checkOutwithEmptyCart -->
  <testcase classname="features.f4_checkout.Checkout" name="checkoutWithoutFillingRequiredFields" time="0.909"/>
  <testcase classname="features.f4_checkout.Checkout" name="checkOutWithInvalidZipCode" time="0.942">
    <failure type="java.lang.AssertionError" message="TestCase ID:023 - Checkout with Invalid Zip Code expected [Some Incorrect Title] but found [Checkout: Overview]">
        <![CDATA[java.lang.AssertionError: TestCase ID:023 - Checkout with Invalid Zip Code expected [Some Incorrect Title] but found [Checkout: Overview]
at features.f4_checkout.Checkout.checkOutWithInvalidZipCode(Checkout.java:52)
at java.base/java.util.ArrayList.forEach(ArrayList.java:1597)
at features.MainTest.runAllTests(MainTest.java:25)
at java.base/java.util.ArrayList.forEach(ArrayList.java:1597)
at com.intellij.rt.testng.IDEARemoteTestNG.run(IDEARemoteTestNG.java:65)
at com.intellij.rt.testng.RemoteTestNGStarter.main(RemoteTestNGStarter.java:105)
... Removed 49 stack frames]]>
    </failure>
  </testcase> <!-- checkOutWithInvalidZipCode -->
  <testcase classname="features.f4_checkout.Checkout" name="cancelCheckoutAfterInitiating" time="1.338"/>
  <testcase classname="features.f4_checkout.Checkout" name="viewOrderDetails" time="1.232"/>
  <testcase classname="features.f4_checkout.Checkout" name="verifyPriceCalculation" time="1.247"/>
  <testcase classname="features.f4_checkout.Checkout" name="verifyOrderConfirmation" time="1.26"/>
</testsuite> <!-- Command line test -->
